#######################################
Name: Craig Brehm
Username: CBrehm
Email: cbrehm@checkpoint.com
Phone Number: +19723228763
Selected Class: Automation Training
Source IP: 99.27.145.152
Time: Fri Sep 28 14:36:59 2018
Launching Deploy Script: /home/lds/Azure/AutomationTraining/AzureDeploy.sh CBrehm +19723228763 cbrehm@checkpoint.com & 
#######################################
#######################################
Name: Josiah Dillig
Username: JDillig
Email: comptech.joe@gmail.com
Phone Number: +18172695082
Selected Class: Automation Training
Source IP: 166.173.58.14
Time: Mon Oct  1 10:03:36 2018
Launching Deploy Script: /home/lds/Azure/AutomationTraining/AzureDeploy.sh JDillig +18172695082 comptech.joe@gmail.com & 
#######################################
#######################################
Name: Craig Brehm
Username: CBrehm
Email: cbrehm@checkpoint.com
Phone Number: +19723228763
Selected Class: Automation Training
Source IP: 99.27.145.152
Time: Wed Oct 10 08:49:41 2018
Launching Deploy Script: /home/lds/Azure/AutomationTraining/AzureDeploy.sh CBrehm +19723228763 cbrehm@checkpoint.com & 
#######################################
#######################################
Name: Joe Dillig
Username: JDillig
Email: comptech.joe@gmail.com
Phone Number: +16825939260
Selected Class: Automation Training
Source IP: 15.203.178.30
Time: Tue Oct 16 03:31:02 2018
Launching Deploy Script: /home/lds/Azure/AutomationTraining/AzureDeploy.sh JDillig +16825939260 comptech.joe@gmail.com & 
#######################################
#######################################
Name: Martin Beranek
Username: MBeranek
Email: martin.beranek@dxc.com
Phone Number: +421917596434
Selected Class: Automation Training
Source IP: 15.195.185.75
Time: Tue Oct 16 05:17:57 2018
Launching Deploy Script: /home/lds/Azure/AutomationTraining/AzureDeploy.sh MBeranek +421917596434 martin.beranek@dxc.com & 
#######################################
#######################################
Name: Martin Behro
Username: MBehro
Email: martin.behro1@dxc.com
Phone Number: +421905456489
Selected Class: Automation Training
Source IP: 15.203.178.30
Time: Tue Oct 16 05:19:18 2018
Launching Deploy Script: /home/lds/Azure/AutomationTraining/AzureDeploy.sh MBehro +421905456489 martin.behro1@dxc.com & 
#######################################
#######################################
Name: Adam Popovec
Username: APopovec
Email: adam.popovec@dxc.com
Phone Number: +421949478832
Selected Class: Automation Training
Source IP: 15.203.178.30
Time: Tue Oct 16 05:20:02 2018
Launching Deploy Script: /home/lds/Azure/AutomationTraining/AzureDeploy.sh APopovec +421949478832 adam.popovec@dxc.com & 
#######################################
#######################################
Name: Martin Sulo
Username: MSulo
Email: sulo@dxc.com
Phone Number: +421911773737
Selected Class: Automation Training
Source IP: 15.203.178.30
Time: Tue Oct 16 05:20:17 2018
Launching Deploy Script: /home/lds/Azure/AutomationTraining/AzureDeploy.sh MSulo +421911773737 sulo@dxc.com & 
#######################################
#######################################
Name: Dusan Marochnic
Username: DMarochnic
Email: dusanm@dxc.com
Phone Number: +421903952339
Selected Class: Automation Training
Source IP: 15.195.185.84
Time: Tue Oct 16 05:20:24 2018
Launching Deploy Script: /home/lds/Azure/AutomationTraining/AzureDeploy.sh DMarochnic +421903952339 dusanm@dxc.com & 
#######################################
#######################################
Name: Boris Pozdech
Username: BPozdech
Email: bpozdech@dxc.com
Phone Number: +421904486625
Selected Class: Automation Training
Source IP: 15.203.178.30
Time: Tue Oct 16 05:20:27 2018
Launching Deploy Script: /home/lds/Azure/AutomationTraining/AzureDeploy.sh BPozdech +421904486625 bpozdech@dxc.com & 
#######################################
#######################################
Name: Peter pastorek
Username: Ppastorek
Email: pastorek@dxc.com
Phone Number: +421911285689
Selected Class: Automation Training
Source IP: 15.203.178.30
Time: Tue Oct 16 05:20:35 2018
Launching Deploy Script: /home/lds/Azure/AutomationTraining/AzureDeploy.sh Ppastorek +421911285689 pastorek@dxc.com & 
#######################################
#######################################
Name: Martin Hecko
Username: MHecko
Email: martin.hecko@dxc.com
Phone Number: +421903852259
Selected Class: R80 Management
Source IP: 15.203.178.30
Time: Tue Oct 16 05:20:36 2018
#######################################
#######################################
Name: Miroslav Duran
Username: MDuran
Email: miroslav.duran1@dxc.com
Phone Number: +421917836172
Selected Class: Automation Training
Source IP: 15.195.185.84
Time: Tue Oct 16 05:21:12 2018
Launching Deploy Script: /home/lds/Azure/AutomationTraining/AzureDeploy.sh MDuran +421917836172 miroslav.duran1@dxc.com & 
#######################################
#######################################
Name: Andrej Erdelyi
Username: AErdelyi
Email: aerdelyi@dxc.com
Phone Number: +421903386316
Selected Class: Automation Training
Source IP: 15.195.185.75
Time: Tue Oct 16 05:21:29 2018
Launching Deploy Script: /home/lds/Azure/AutomationTraining/AzureDeploy.sh AErdelyi +421903386316 aerdelyi@dxc.com & 
#######################################
#######################################
Name: Juraj Simonides
Username: JSimonides
Email: jsimonides@dxc.com
Phone Number: +421917897058
Selected Class: Automation Training
Source IP: 15.203.178.30
Time: Tue Oct 16 05:21:33 2018
Launching Deploy Script: /home/lds/Azure/AutomationTraining/AzureDeploy.sh JSimonides +421917897058 jsimonides@dxc.com & 
#######################################
#######################################
Name: Jakub Huska
Username: JHuska
Email: jakub.huska@dxc.com
Phone Number: +421911375378
Selected Class: Automation Training
Source IP: 15.195.185.75
Time: Tue Oct 16 05:22:03 2018
Launching Deploy Script: /home/lds/Azure/AutomationTraining/AzureDeploy.sh JHuska +421911375378 jakub.huska@dxc.com & 
#######################################
#######################################
Name: Juraj Simonides
Username: JSimonides
Email: jsimonides@dxc.com
Phone Number: +421917897058
Selected Class: Automation Training
Source IP: 15.203.178.30
Time: Tue Oct 16 05:22:04 2018
Launching Deploy Script: /home/lds/Azure/AutomationTraining/AzureDeploy.sh JSimonides +421917897058 jsimonides@dxc.com & 
#######################################
#######################################
Name: Marek Hubinsky
Username: MHubinsky
Email: hubinsky@dxc.com
Phone Number: +421904894799
Selected Class: Automation Training
Source IP: 15.195.185.75
Time: Tue Oct 16 05:22:51 2018
Launching Deploy Script: /home/lds/Azure/AutomationTraining/AzureDeploy.sh MHubinsky +421904894799 hubinsky@dxc.com & 
#######################################
#######################################
Name: Dusan Marochnic
Username: DMarochnic
Email: dusanm@dxc.com
Phone Number: +421903952339
Selected Class: R80 Management
Source IP: 15.195.185.84
Time: Tue Oct 16 05:22:53 2018
#######################################
#######################################
Name: Michal Bruncko
Username: MBruncko
Email: mbruncko@dxc.com
Phone Number: +421904293801
Selected Class: Automation Training
Source IP: 15.203.178.30
Time: Tue Oct 16 05:23:14 2018
Launching Deploy Script: /home/lds/Azure/AutomationTraining/AzureDeploy.sh MBruncko +421904293801 mbruncko@dxc.com & 
#######################################
#######################################
Name: Lubos Kejmar
Username: LKejmar
Email: lubos.kejmar1@dxc.com
Phone Number: +421911633461
Selected Class: Automation Training
Source IP: 15.203.178.30
Time: Tue Oct 16 05:23:19 2018
Launching Deploy Script: /home/lds/Azure/AutomationTraining/AzureDeploy.sh LKejmar +421911633461 lubos.kejmar1@dxc.com & 
#######################################
#######################################
Name: Tomas Stastny
Username: TStastny
Email: tstastny@dxc.com
Phone Number: +421905740253
Selected Class: Automation Training
Source IP: 15.195.185.75
Time: Tue Oct 16 05:23:22 2018
Launching Deploy Script: /home/lds/Azure/AutomationTraining/AzureDeploy.sh TStastny +421905740253 tstastny@dxc.com & 
#######################################
#######################################
Name: Samuel Tkac
Username: STkac
Email: samuel.tkac1@dxc.com
Phone Number: +421950432336
Selected Class: Automation Training
Source IP: 15.203.178.30
Time: Tue Oct 16 05:23:30 2018
Launching Deploy Script: /home/lds/Azure/AutomationTraining/AzureDeploy.sh STkac +421950432336 samuel.tkac1@dxc.com & 
#######################################
#######################################
Name: Rado Burik
Username: RBurik
Email: burik@dxc.com
Phone Number: +421908823800
Selected Class: Automation Training
Source IP: 15.195.185.75
Time: Tue Oct 16 05:23:59 2018
Launching Deploy Script: /home/lds/Azure/AutomationTraining/AzureDeploy.sh RBurik +421908823800 burik@dxc.com & 
#######################################
#######################################
Name: Milan Gablas
Username: MGablas
Email: milan.gablas2@dxc.com
Phone Number: +421917596434
Selected Class: Automation Training
Source IP: 15.195.185.75
Time: Tue Oct 16 05:24:57 2018
Launching Deploy Script: /home/lds/Azure/AutomationTraining/AzureDeploy.sh MGablas +421917596434 milan.gablas2@dxc.com & 
#######################################
#######################################
Name: Samuel Tkac
Username: STkac
Email: samuel.tkac1@dxc.com
Phone Number: +421950432336
Selected Class: Automation Training
Source IP: 15.203.178.30
Time: Tue Oct 16 05:25:02 2018
Launching Deploy Script: /home/lds/Azure/AutomationTraining/AzureDeploy.sh STkac +421950432336 samuel.tkac1@dxc.com & 
#######################################
#######################################
Name: Peter Roman
Username: PRoman
Email: proman@dxc.com
Phone Number: +421903630262
Selected Class: Automation Training
Source IP: 15.203.178.30
Time: Tue Oct 16 05:26:26 2018
Launching Deploy Script: /home/lds/Azure/AutomationTraining/AzureDeploy.sh PRoman +421903630262 proman@dxc.com & 
#######################################
#######################################
Name: Peter Huska
Username: PHuska
Email: phuska@dxc.com
Phone Number: +421949204034
Selected Class: Automation Training
Source IP: 15.203.178.30
Time: Tue Oct 16 05:27:32 2018
Launching Deploy Script: /home/lds/Azure/AutomationTraining/AzureDeploy.sh PHuska +421949204034 phuska@dxc.com & 
#######################################
#######################################
Name: Matej Sipkovsky
Username: MSipkovsky
Email: matej.sipkovsky@dxc.com
Phone Number: +421905342687
Selected Class: Automation Training
Source IP: 15.195.185.84
Time: Tue Oct 16 05:31:52 2018
Launching Deploy Script: /home/lds/Azure/AutomationTraining/AzureDeploy.sh MSipkovsky +421905342687 matej.sipkovsky@dxc.com & 
#######################################
#######################################
Name: Martin Hecko
Username: MHecko
Email: martin.hecko@dxc.com
Phone Number: +421903852259
Selected Class: Automation Training
Source IP: 15.203.178.38
Time: Tue Oct 16 06:47:44 2018
Launching Deploy Script: /home/lds/Azure/AutomationTraining/AzureDeploy.sh MHecko +421903852259 martin.hecko@dxc.com & 
#######################################
#######################################
Name: Pavol Toman
Username: PToman
Email: toman@dxc.com
Phone Number: +421917144497
Selected Class: R80 Management
Source IP: 15.195.185.82
Time: Tue Oct 16 06:50:59 2018
#######################################
#######################################
Name: Libor Sobotovic
Username: LSobotovic
Email: sobotovic@dxc.com
Phone Number: +421917866153
Selected Class: R80 Management
Source IP: 15.195.185.82
Time: Tue Oct 16 06:51:45 2018
#######################################
#######################################
Name: Martin Barnak
Username: MBarnak
Email: barnak@dxc.com
Phone Number: +421917600496
Selected Class: Automation Training
Source IP: 15.195.185.82
Time: Tue Oct 16 06:52:38 2018
Launching Deploy Script: /home/lds/Azure/AutomationTraining/AzureDeploy.sh MBarnak +421917600496 barnak@dxc.com & 
#######################################
#######################################
Name: Pavol Toman
Username: PToman
Email: toman@dxc.com
Phone Number: +421917144497
Selected Class: Automation Training
Source IP: 15.195.185.82
Time: Tue Oct 16 06:53:49 2018
Launching Deploy Script: /home/lds/Azure/AutomationTraining/AzureDeploy.sh PToman +421917144497 toman@dxc.com & 
#######################################
#######################################
Name: Libor Sobotovic
Username: LSobotovic
Email: sobotovic@dxc.com
Phone Number: +421917866153
Selected Class: Automation Training
Source IP: 15.195.185.82
Time: Tue Oct 16 06:54:14 2018
Launching Deploy Script: /home/lds/Azure/AutomationTraining/AzureDeploy.sh LSobotovic +421917866153 sobotovic@dxc.com & 
#######################################
#######################################
Name: Marek Dudzak
Username: MDudzak
Email: dudzak@dxc.com
Phone Number: +421915992013
Selected Class: Automation Training
Source IP: 15.203.178.38
Time: Tue Oct 16 06:57:51 2018
Launching Deploy Script: /home/lds/Azure/AutomationTraining/AzureDeploy.sh MDudzak +421915992013 dudzak@dxc.com & 
#######################################
#######################################
Name: Marek Dudzak
Username: MDudzak
Email: dudzak@dxc.com
Phone Number: +421915992013
Selected Class: R80 Management
Source IP: 15.203.178.38
Time: Tue Oct 16 06:59:19 2018
#######################################
#######################################
Name: Peter Kratky
Username: PKratky
Email: kratky@dxc.com
Phone Number: +421917600466
Selected Class: Automation Training
Source IP: 15.203.178.38
Time: Tue Oct 16 08:43:17 2018
Launching Deploy Script: /home/lds/Azure/AutomationTraining/AzureDeploy.sh PKratky +421917600466 kratky@dxc.com & 
#######################################
#######################################
Name: Michal Bruncko
Username: MBruncko
Email: mbruncko@dxc.com
Phone Number: +421904293801
Selected Class: R80 Management
Source IP: 15.195.185.84
Time: Wed Oct 17 03:39:47 2018
#######################################
#######################################
Name: Tomas Krizan
Username: TKrizan
Email: tomas.krizan@dxc.com
Phone Number: +421904664899
Selected Class: Automation Training
Source IP: 15.195.185.77
Time: Wed Oct 17 03:40:11 2018
Launching Deploy Script: /home/lds/Azure/AutomationTraining/AzureDeploy.sh TKrizan +421904664899 tomas.krizan@dxc.com & 
#######################################
#######################################
Name: Matej Sipkovsky
Username: MSipkovsky
Email: matej.sipkovsky@dxc.com
Phone Number: +421905342687
Selected Class: Automation Training
Source IP: 15.195.185.80
Time: Wed Oct 17 03:40:26 2018
Launching Deploy Script: /home/lds/Azure/AutomationTraining/AzureDeploy.sh MSipkovsky +421905342687 matej.sipkovsky@dxc.com & 
#######################################
#######################################
Name: Juraj Simonides
Username: JSimonides
Email: jsimonides@dxc.com
Phone Number: +421917897058
Selected Class: Automation Training
Source IP: 15.195.185.83
Time: Wed Oct 17 03:48:48 2018
Launching Deploy Script: /home/lds/Azure/AutomationTraining/AzureDeploy.sh JSimonides +421917897058 jsimonides@dxc.com & 
#######################################
#######################################
Name: Lubos Kejmar
Username: LKejmar
Email: lubos.kejmar1@dxc.com
Phone Number: +4219116334611
Selected Class: Automation Training
Source IP: 15.203.178.30
Time: Wed Oct 17 03:52:14 2018
Launching Deploy Script: /home/lds/Azure/AutomationTraining/AzureDeploy.sh LKejmar +4219116334611 lubos.kejmar1@dxc.com & 
#######################################
#######################################
Name: Juraj Subin
Username: JSubin
Email: juraj.subin1@dxc.com
Phone Number: +421911428118
Selected Class: Automation Training
Source IP: 15.203.169.112
Time: Wed Oct 17 03:52:44 2018
Launching Deploy Script: /home/lds/Azure/AutomationTraining/AzureDeploy.sh JSubin +421911428118 juraj.subin1@dxc.com & 
#######################################
#######################################
Name: Klaudia Kajsova
Username: KKajsova
Email: kkajsova@dxc.com
Phone Number: +421233443346
Selected Class: Automation Training
Source IP: 15.203.233.89
Time: Wed Oct 17 03:57:20 2018
Launching Deploy Script: /home/lds/Azure/AutomationTraining/AzureDeploy.sh KKajsova +421233443346 kkajsova@dxc.com & 
#######################################
#######################################
Name: Juraj Kmet
Username: JKmet
Email: kmet@dxc.com
Phone Number: +421902080066
Selected Class: R80 Management
Source IP: 15.195.185.85
Time: Wed Oct 17 04:08:36 2018
#######################################
#######################################
Name: Martin Hluzin
Username: MHluzin
Email: martin.hluzin@dxc.com
Phone Number: +421903792032
Selected Class: R80 Management
Source IP: 15.195.185.83
Time: Wed Oct 17 04:14:59 2018
#######################################
#######################################
Name: Pavlo Dubrovskyy
Username: PDubrovskyy
Email: pavlo.dubrovskyy1@dxc.com
Phone Number: +421903456686
Selected Class: Automation Training
Source IP: 15.195.185.84
Time: Wed Oct 17 04:26:34 2018
Launching Deploy Script: /home/lds/Azure/AutomationTraining/AzureDeploy.sh PDubrovskyy +421903456686 pavlo.dubrovskyy1@dxc.com & 
#######################################
#######################################
Name: Juraj Subin
Username: JSubin
Email: juraj.subin1@dxc.com
Phone Number: +421911428118
Selected Class: R80 Management
Source IP: 15.195.185.86
Time: Wed Oct 17 04:40:41 2018
#######################################
#######################################
Name: Lubomir Bucko
Username: LBucko
Email: bucko@dxc.com
Phone Number: +421917866151
Selected Class: Automation Training
Source IP: 15.203.169.107
Time: Wed Oct 17 04:45:11 2018
Launching Deploy Script: /home/lds/Azure/AutomationTraining/AzureDeploy.sh LBucko +421917866151 bucko@dxc.com & 
#######################################
#######################################
Name: Lubomir Bucko
Username: LBucko
Email: bucko@dxc.com
Phone Number: +421917866151
Selected Class: R80 Management
Source IP: 15.203.169.107
Time: Wed Oct 17 04:46:49 2018
#######################################
#######################################
Name: Jozef Vasko
Username: JVasko
Email: jozef.vasko@dxc.com
Phone Number: +421233443044
Selected Class: Automation Training
Source IP: 15.203.169.125
Time: Wed Oct 17 04:46:57 2018
Launching Deploy Script: /home/lds/Azure/AutomationTraining/AzureDeploy.sh JVasko +421233443044 jozef.vasko@dxc.com & 
#######################################
#######################################
Name: Peter Kratky
Username: PKratky
Email: kratky@dxc.com
Phone Number: +421917600466
Selected Class: Automation Training
Source IP: 15.195.185.83
Time: Wed Oct 17 04:53:28 2018
Launching Deploy Script: /home/lds/Azure/AutomationTraining/AzureDeploy.sh PKratky +421917600466 kratky@dxc.com & 
#######################################
#######################################
Name: Martin Hluzin
Username: MHluzin
Email: martin.hluzin@dxc.com
Phone Number: +421903792032
Selected Class: R80 Management
Source IP: 15.203.169.123
Time: Wed Oct 17 05:50:54 2018
#######################################
#######################################
Name: Juraj Kmet
Username: JKmet
Email: kmet@dxc.com
Phone Number: +421902080066
Selected Class: R80 Management
Source IP: 15.195.185.85
Time: Wed Oct 17 05:51:00 2018
#######################################
#######################################
Name: Martin Hluzin
Username: MHluzin
Email: martin.hluzin@dxc.com
Phone Number: +421903792032
Selected Class: Automation Training
Source IP: 15.203.169.123
Time: Wed Oct 17 05:59:31 2018
Launching Deploy Script: /home/lds/Azure/AutomationTraining/AzureDeploy.sh MHluzin +421903792032 martin.hluzin@dxc.com & 
#######################################
#######################################
Name: Juraj Kmet
Username: JKmet
Email: kmet@dxc.com
Phone Number: +421902080066
Selected Class: Automation Training
Source IP: 15.195.185.85
Time: Wed Oct 17 05:59:44 2018
Launching Deploy Script: /home/lds/Azure/AutomationTraining/AzureDeploy.sh JKmet +421902080066 kmet@dxc.com & 
#######################################
#######################################
Name: Viliam Karla
Username: VKarla
Email: viliam.karla@dxc.com
Phone Number: +421257525209
Selected Class: R80 Management
Source IP: 15.203.169.108
Time: Wed Oct 17 06:25:02 2018
#######################################
#######################################
Name: Michal Bruncko
Username: MBruncko
Email: mbruncko@dxc.com
Phone Number: +421904293801
Selected Class: Automation Training
Source IP: 15.195.185.75
Time: Wed Oct 17 06:39:02 2018
Launching Deploy Script: /home/lds/Azure/AutomationTraining/AzureDeploy.sh MBruncko +421904293801 mbruncko@dxc.com & 
#######################################
#######################################
Name: Martin Sotet
Username: MSotet
Email: martin.sotet@dxc.com
Phone Number: +421949723487
Selected Class: Automation Training
Source IP: 15.203.178.30
Time: Wed Oct 17 06:41:03 2018
Launching Deploy Script: /home/lds/Azure/AutomationTraining/AzureDeploy.sh MSotet +421949723487 martin.sotet@dxc.com & 
#######################################
#######################################
Name: Josiah Dillig
Username: JDillig
Email: comptech.joe@gmail.com
Phone Number: +16825939260
Selected Class: Automation Training
Source IP: 217.118.99.234
Time: Thu Oct 18 07:36:58 2018
Launching Deploy Script: /home/lds/Azure/AutomationTraining/AzureDeploy.sh JDillig +16825939260 comptech.joe@gmail.com & 
#######################################
#######################################
Name: Bob Dole
Username: BDole
Email: comptech.joe@gmail.com
Phone Number: +18172695082
Selected Class: Automation Training
Source IP: 166.137.219.7
Time: Mon Nov 12 09:15:06 2018
Launching Deploy Script: /home/lds/Azure/AutomationTraining/AzureDeploy.sh BDole +18172695082 comptech.joe@gmail.com & 
#######################################
